<?xml version="1.0" encoding="UTF-8"?>
<!-- Generated by org.testng.reporters.JUnitReportReporter -->
<testsuite skipped="0" hostname="DESKTOP-1URBDJ6" name="d_07_02_22_FormTest.FormTest" tests="1" failures="0" timestamp="2022-02-12T16:41:42 CET" time="26.147" errors="0">
  <testcase name="Test" time="26.147" classname="d_07_02_22_FormTest.FormTest"/>
  <system-out/>
</testsuite> <!-- d_07_02_22_FormTest.FormTest -->
